Terminals unused in grammar

   '*'
   '/'
   '%'
   CONTINUE
   PRINT
   NOT
   OPERATOR


Grammar

    0 $accept: CompUnit $end

    1 CompUnit: CompUnitItem
    2         | CompUnit CompUnitItem

    3 CompUnitItem: FuncDef
    4             | Decl

    5 Decl: ConstDecl
    6     | VarDecl

    7 ConstDecl: CONST BType ConstDefList SEMI

    8 ConstDefList: ConstDef
    9             | ConstDefList COMMA ConstDef

   10 ConstDef: ID ConstSubscriptList ASSIGN ConstInitVal

   11 ConstInitVal: Exp
   12             | LBRACE ConstInitValList RBRACE

   13 ConstInitValList: ConstInitVal
   14                 | ConstInitValList COMMA ConstInitVal

   15 VarDecl: BType VarDefList SEMI

   16 VarDefList: VarDef
   17           | VarDefList COMMA VarDef

   18 VarDef: ID ConstSubscriptList
   19       | ID ConstSubscriptList ASSIGN InitVal

   20 InitVal: Exp
   21        | LBRACE RBRACE
   22        | LBRACE InitValList RBRACE

   23 InitValList: InitVal
   24            | InitValList COMMA InitVal

   25 FuncDef: BType ID LP RP Block
   26        | BType ID LP FuncFParams RP Block

   27 FuncFParam: BType ID
   28           | BType ID LBRACK RBRACK
   29           | BType ID LBRACK RBRACK NonEmptyConstSubscriptList

   30 FuncFParams: FuncFParam
   31            | FuncFParams COMMA FuncFParam

   32 FuncRParams: Exp
   33            | FuncRParams COMMA Exp

   34 BType: VOID
   35      | INT
   36      | FLOAT

   37 Block: LBRACE BlockItem RBRACE

   38 BlockItem: /* empty */
   39          | BlockItem Item

   40 Item: VarDecl
   41     | Stmt

   42 ConstSubscriptList: /* empty */
   43                   | ConstSubscriptList LBRACK NUMBER RBRACK

   44 NonEmptyConstSubscriptList: LBRACK NUMBER RBRACK
   45                           | NonEmptyConstSubscriptList LBRACK NUMBER RBRACK

   46 SubscriptList: /* empty */
   47              | SubscriptList LBRACK Exp RBRACK

   48 LVal: ID SubscriptList

   49 Stmt: ID LP RP SEMI
   50     | ID LP FuncRParams RP SEMI
   51     | LVal ASSIGN Exp SEMI
   52     | RETURN Exp SEMI
   53     | IF LP LOrExp RP Stmt
   54     | IF LP LOrExp RP Stmt ELSE Stmt
   55     | WHILE LP LOrExp RP Stmt
   56     | Block
   57     | BREAK SEMI

   58 Exp: LOrExp

   59 LOrExp: LAndExp
   60       | LOrExp LOR LAndExp

   61 LAndExp: EqExp
   62        | LAndExp LAND EqExp

   63 EqExp: RelExp
   64      | EqExp EQ RelExp
   65      | EqExp NE RelExp

   66 RelExp: AddExp
   67       | RelExp LT AddExp
   68       | RelExp LE AddExp
   69       | RelExp GT AddExp
   70       | RelExp GE AddExp

   71 AddExp: MulExp
   72       | AddExp PLUS MulExp
   73       | AddExp MINUS MulExp

   74 MulExp: UnaryExp
   75       | MulExp MUL UnaryExp
   76       | MulExp DIV UnaryExp
   77       | MulExp MOD UnaryExp

   78 UnaryExp: PrimaryExp
   79         | '+' UnaryExp
   80         | '-' UnaryExp

   81 PrimaryExp: LP Exp RP
   82           | ID LP RP
   83           | ID LP FuncRParams RP
   84           | LVal
   85           | NUMBER
   86           | STRING
   87           | CHAR_CONST


Terminals, with rules where they appear

$end (0) 0
'%' (37)
'*' (42)
'+' (43) 79
'-' (45) 80
'/' (47)
error (256)
LOR (258) 60
LAND (259) 62
NE (260) 65
EQ (261) 64
GE (262) 70
GT (263) 69
LE (264) 68
LT (265) 67
UMINUS (266)
LOWER_THAN_ELSE (267)
ELSE (268) 54
ID (269) 10 18 19 25 26 27 28 29 48 49 50 82 83
NUMBER (270) 43 44 45 85
CHAR_CONST (271) 87
STRING (272) 86
VOID (273) 34
INT (274) 35
FLOAT (275) 36
CONST (276) 7
IF (277) 53 54
WHILE (278) 55
RETURN (279) 52
BREAK (280) 57
CONTINUE (281)
PRINT (282)
ASSIGN (283) 10 19 51
PLUS (284) 72
MINUS (285) 73
MUL (286) 75
DIV (287) 76
MOD (288) 77
NOT (289)
LP (290) 25 26 49 50 53 54 55 81 82 83
RP (291) 25 26 49 50 53 54 55 81 82 83
LBRACE (292) 12 21 22 37
RBRACE (293) 12 21 22 37
LBRACK (294) 28 29 43 44 45 47
RBRACK (295) 28 29 43 44 45 47
SEMI (296) 7 15 49 50 51 52 57
COMMA (297) 9 14 17 24 31 33
OPERATOR (298)


Nonterminals, with rules where they appear

$accept (49)
    on left: 0
CompUnit (50)
    on left: 1 2, on right: 0 2
CompUnitItem (51)
    on left: 3 4, on right: 1 2
Decl (52)
    on left: 5 6, on right: 4
ConstDecl (53)
    on left: 7, on right: 5
ConstDefList (54)
    on left: 8 9, on right: 7 9
ConstDef (55)
    on left: 10, on right: 8 9
ConstInitVal (56)
    on left: 11 12, on right: 10 13 14
ConstInitValList (57)
    on left: 13 14, on right: 12 14
VarDecl (58)
    on left: 15, on right: 6 40
VarDefList (59)
    on left: 16 17, on right: 15 17
VarDef (60)
    on left: 18 19, on right: 16 17
InitVal (61)
    on left: 20 21 22, on right: 19 23 24
InitValList (62)
    on left: 23 24, on right: 22 24
FuncDef (63)
    on left: 25 26, on right: 3
FuncFParam (64)
    on left: 27 28 29, on right: 30 31
FuncFParams (65)
    on left: 30 31, on right: 26 31
FuncRParams (66)
    on left: 32 33, on right: 33 50 83
BType (67)
    on left: 34 35 36, on right: 7 15 25 26 27 28 29
Block (68)
    on left: 37, on right: 25 26 56
BlockItem (69)
    on left: 38 39, on right: 37 39
Item (70)
    on left: 40 41, on right: 39
ConstSubscriptList (71)
    on left: 42 43, on right: 10 18 19 43
NonEmptyConstSubscriptList (72)
    on left: 44 45, on right: 29 45
SubscriptList (73)
    on left: 46 47, on right: 47 48
LVal (74)
    on left: 48, on right: 51 84
Stmt (75)
    on left: 49 50 51 52 53 54 55 56 57, on right: 41 53 54 55
Exp (76)
    on left: 58, on right: 11 20 32 33 47 51 52 81
LOrExp (77)
    on left: 59 60, on right: 53 54 55 58 60
LAndExp (78)
    on left: 61 62, on right: 59 60 62
EqExp (79)
    on left: 63 64 65, on right: 61 62 64 65
RelExp (80)
    on left: 66 67 68 69 70, on right: 63 64 65 67 68 69 70
AddExp (81)
    on left: 71 72 73, on right: 66 67 68 69 70 72 73
MulExp (82)
    on left: 74 75 76 77, on right: 71 72 73 75 76 77
UnaryExp (83)
    on left: 78 79 80, on right: 74 75 76 77 79 80
PrimaryExp (84)
    on left: 81 82 83 84 85 86 87, on right: 78


State 0

    0 $accept: . CompUnit $end

    VOID   shift, and go to state 1
    INT    shift, and go to state 2
    FLOAT  shift, and go to state 3
    CONST  shift, and go to state 4

    CompUnit      go to state 5
    CompUnitItem  go to state 6
    Decl          go to state 7
    ConstDecl     go to state 8
    VarDecl       go to state 9
    FuncDef       go to state 10
    BType         go to state 11


State 1

   34 BType: VOID .

    $default  reduce using rule 34 (BType)


State 2

   35 BType: INT .

    $default  reduce using rule 35 (BType)


State 3

   36 BType: FLOAT .

    $default  reduce using rule 36 (BType)


State 4

    7 ConstDecl: CONST . BType ConstDefList SEMI

    VOID   shift, and go to state 1
    INT    shift, and go to state 2
    FLOAT  shift, and go to state 3

    BType  go to state 12


State 5

    0 $accept: CompUnit . $end
    2 CompUnit: CompUnit . CompUnitItem

    $end   shift, and go to state 13
    VOID   shift, and go to state 1
    INT    shift, and go to state 2
    FLOAT  shift, and go to state 3
    CONST  shift, and go to state 4

    CompUnitItem  go to state 14
    Decl          go to state 7
    ConstDecl     go to state 8
    VarDecl       go to state 9
    FuncDef       go to state 10
    BType         go to state 11


State 6

    1 CompUnit: CompUnitItem .

    $default  reduce using rule 1 (CompUnit)


State 7

    4 CompUnitItem: Decl .

    $default  reduce using rule 4 (CompUnitItem)


State 8

    5 Decl: ConstDecl .

    $default  reduce using rule 5 (Decl)


State 9

    6 Decl: VarDecl .

    $default  reduce using rule 6 (Decl)


State 10

    3 CompUnitItem: FuncDef .

    $default  reduce using rule 3 (CompUnitItem)


State 11

   15 VarDecl: BType . VarDefList SEMI
   25 FuncDef: BType . ID LP RP Block
   26        | BType . ID LP FuncFParams RP Block

    ID  shift, and go to state 15

    VarDefList  go to state 16
    VarDef      go to state 17


State 12

    7 ConstDecl: CONST BType . ConstDefList SEMI

    ID  shift, and go to state 18

    ConstDefList  go to state 19
    ConstDef      go to state 20


State 13

    0 $accept: CompUnit $end .

    $default  accept


State 14

    2 CompUnit: CompUnit CompUnitItem .

    $default  reduce using rule 2 (CompUnit)


State 15

   18 VarDef: ID . ConstSubscriptList
   19       | ID . ConstSubscriptList ASSIGN InitVal
   25 FuncDef: BType ID . LP RP Block
   26        | BType ID . LP FuncFParams RP Block

    LP  shift, and go to state 21

    $default  reduce using rule 42 (ConstSubscriptList)

    ConstSubscriptList  go to state 22


State 16

   15 VarDecl: BType VarDefList . SEMI
   17 VarDefList: VarDefList . COMMA VarDef

    SEMI   shift, and go to state 23
    COMMA  shift, and go to state 24


State 17

   16 VarDefList: VarDef .

    $default  reduce using rule 16 (VarDefList)


State 18

   10 ConstDef: ID . ConstSubscriptList ASSIGN ConstInitVal

    $default  reduce using rule 42 (ConstSubscriptList)

    ConstSubscriptList  go to state 25


State 19

    7 ConstDecl: CONST BType ConstDefList . SEMI
    9 ConstDefList: ConstDefList . COMMA ConstDef

    SEMI   shift, and go to state 26
    COMMA  shift, and go to state 27


State 20

    8 ConstDefList: ConstDef .

    $default  reduce using rule 8 (ConstDefList)


State 21

   25 FuncDef: BType ID LP . RP Block
   26        | BType ID LP . FuncFParams RP Block

    VOID   shift, and go to state 1
    INT    shift, and go to state 2
    FLOAT  shift, and go to state 3
    RP     shift, and go to state 28

    FuncFParam   go to state 29
    FuncFParams  go to state 30
    BType        go to state 31


State 22

   18 VarDef: ID ConstSubscriptList .
   19       | ID ConstSubscriptList . ASSIGN InitVal
   43 ConstSubscriptList: ConstSubscriptList . LBRACK NUMBER RBRACK

    ASSIGN  shift, and go to state 32
    LBRACK  shift, and go to state 33

    $default  reduce using rule 18 (VarDef)


State 23

   15 VarDecl: BType VarDefList SEMI .

    $default  reduce using rule 15 (VarDecl)


State 24

   17 VarDefList: VarDefList COMMA . VarDef

    ID  shift, and go to state 34

    VarDef  go to state 35


State 25

   10 ConstDef: ID ConstSubscriptList . ASSIGN ConstInitVal
   43 ConstSubscriptList: ConstSubscriptList . LBRACK NUMBER RBRACK

    ASSIGN  shift, and go to state 36
    LBRACK  shift, and go to state 33


State 26

    7 ConstDecl: CONST BType ConstDefList SEMI .

    $default  reduce using rule 7 (ConstDecl)


State 27

    9 ConstDefList: ConstDefList COMMA . ConstDef

    ID  shift, and go to state 18

    ConstDef  go to state 37


State 28

   25 FuncDef: BType ID LP RP . Block

    LBRACE  shift, and go to state 38

    Block  go to state 39


State 29

   30 FuncFParams: FuncFParam .

    $default  reduce using rule 30 (FuncFParams)


State 30

   26 FuncDef: BType ID LP FuncFParams . RP Block
   31 FuncFParams: FuncFParams . COMMA FuncFParam

    RP     shift, and go to state 40
    COMMA  shift, and go to state 41


State 31

   27 FuncFParam: BType . ID
   28           | BType . ID LBRACK RBRACK
   29           | BType . ID LBRACK RBRACK NonEmptyConstSubscriptList

    ID  shift, and go to state 42


State 32

   19 VarDef: ID ConstSubscriptList ASSIGN . InitVal

    '+'         shift, and go to state 43
    '-'         shift, and go to state 44
    ID          shift, and go to state 45
    NUMBER      shift, and go to state 46
    CHAR_CONST  shift, and go to state 47
    STRING      shift, and go to state 48
    LP          shift, and go to state 49
    LBRACE      shift, and go to state 50

    InitVal     go to state 51
    LVal        go to state 52
    Exp         go to state 53
    LOrExp      go to state 54
    LAndExp     go to state 55
    EqExp       go to state 56
    RelExp      go to state 57
    AddExp      go to state 58
    MulExp      go to state 59
    UnaryExp    go to state 60
    PrimaryExp  go to state 61


State 33

   43 ConstSubscriptList: ConstSubscriptList LBRACK . NUMBER RBRACK

    NUMBER  shift, and go to state 62


State 34

   18 VarDef: ID . ConstSubscriptList
   19       | ID . ConstSubscriptList ASSIGN InitVal

    $default  reduce using rule 42 (ConstSubscriptList)

    ConstSubscriptList  go to state 22


State 35

   17 VarDefList: VarDefList COMMA VarDef .

    $default  reduce using rule 17 (VarDefList)


State 36

   10 ConstDef: ID ConstSubscriptList ASSIGN . ConstInitVal

    '+'         shift, and go to state 43
    '-'         shift, and go to state 44
    ID          shift, and go to state 45
    NUMBER      shift, and go to state 46
    CHAR_CONST  shift, and go to state 47
    STRING      shift, and go to state 48
    LP          shift, and go to state 49
    LBRACE      shift, and go to state 63

    ConstInitVal  go to state 64
    LVal          go to state 52
    Exp           go to state 65
    LOrExp        go to state 54
    LAndExp       go to state 55
    EqExp         go to state 56
    RelExp        go to state 57
    AddExp        go to state 58
    MulExp        go to state 59
    UnaryExp      go to state 60
    PrimaryExp    go to state 61


State 37

    9 ConstDefList: ConstDefList COMMA ConstDef .

    $default  reduce using rule 9 (ConstDefList)


State 38

   37 Block: LBRACE . BlockItem RBRACE

    $default  reduce using rule 38 (BlockItem)

    BlockItem  go to state 66


State 39

   25 FuncDef: BType ID LP RP Block .

    $default  reduce using rule 25 (FuncDef)


State 40

   26 FuncDef: BType ID LP FuncFParams RP . Block

    LBRACE  shift, and go to state 38

    Block  go to state 67


State 41

   31 FuncFParams: FuncFParams COMMA . FuncFParam

    VOID   shift, and go to state 1
    INT    shift, and go to state 2
    FLOAT  shift, and go to state 3

    FuncFParam  go to state 68
    BType       go to state 31


State 42

   27 FuncFParam: BType ID .
   28           | BType ID . LBRACK RBRACK
   29           | BType ID . LBRACK RBRACK NonEmptyConstSubscriptList

    LBRACK  shift, and go to state 69

    $default  reduce using rule 27 (FuncFParam)


State 43

   79 UnaryExp: '+' . UnaryExp

    '+'         shift, and go to state 43
    '-'         shift, and go to state 44
    ID          shift, and go to state 45
    NUMBER      shift, and go to state 46
    CHAR_CONST  shift, and go to state 47
    STRING      shift, and go to state 48
    LP          shift, and go to state 49

    LVal        go to state 52
    UnaryExp    go to state 70
    PrimaryExp  go to state 61


State 44

   80 UnaryExp: '-' . UnaryExp

    '+'         shift, and go to state 43
    '-'         shift, and go to state 44
    ID          shift, and go to state 45
    NUMBER      shift, and go to state 46
    CHAR_CONST  shift, and go to state 47
    STRING      shift, and go to state 48
    LP          shift, and go to state 49

    LVal        go to state 52
    UnaryExp    go to state 71
    PrimaryExp  go to state 61


State 45

   48 LVal: ID . SubscriptList
   82 PrimaryExp: ID . LP RP
   83           | ID . LP FuncRParams RP

    LP  shift, and go to state 72

    $default  reduce using rule 46 (SubscriptList)

    SubscriptList  go to state 73


State 46

   85 PrimaryExp: NUMBER .

    $default  reduce using rule 85 (PrimaryExp)


State 47

   87 PrimaryExp: CHAR_CONST .

    $default  reduce using rule 87 (PrimaryExp)


State 48

   86 PrimaryExp: STRING .

    $default  reduce using rule 86 (PrimaryExp)


State 49

   81 PrimaryExp: LP . Exp RP

    '+'         shift, and go to state 43
    '-'         shift, and go to state 44
    ID          shift, and go to state 45
    NUMBER      shift, and go to state 46
    CHAR_CONST  shift, and go to state 47
    STRING      shift, and go to state 48
    LP          shift, and go to state 49

    LVal        go to state 52
    Exp         go to state 74
    LOrExp      go to state 54
    LAndExp     go to state 55
    EqExp       go to state 56
    RelExp      go to state 57
    AddExp      go to state 58
    MulExp      go to state 59
    UnaryExp    go to state 60
    PrimaryExp  go to state 61


State 50

   21 InitVal: LBRACE . RBRACE
   22        | LBRACE . InitValList RBRACE

    '+'         shift, and go to state 43
    '-'         shift, and go to state 44
    ID          shift, and go to state 45
    NUMBER      shift, and go to state 46
    CHAR_CONST  shift, and go to state 47
    STRING      shift, and go to state 48
    LP          shift, and go to state 49
    LBRACE      shift, and go to state 50
    RBRACE      shift, and go to state 75

    InitVal      go to state 76
    InitValList  go to state 77
    LVal         go to state 52
    Exp          go to state 53
    LOrExp       go to state 54
    LAndExp      go to state 55
    EqExp        go to state 56
    RelExp       go to state 57
    AddExp       go to state 58
    MulExp       go to state 59
    UnaryExp     go to state 60
    PrimaryExp   go to state 61


State 51

   19 VarDef: ID ConstSubscriptList ASSIGN InitVal .

    $default  reduce using rule 19 (VarDef)


State 52

   84 PrimaryExp: LVal .

    $default  reduce using rule 84 (PrimaryExp)


State 53

   20 InitVal: Exp .

    $default  reduce using rule 20 (InitVal)


State 54

   58 Exp: LOrExp .
   60 LOrExp: LOrExp . LOR LAndExp

    LOR  shift, and go to state 78

    $default  reduce using rule 58 (Exp)


State 55

   59 LOrExp: LAndExp .
   62 LAndExp: LAndExp . LAND EqExp

    LAND  shift, and go to state 79

    $default  reduce using rule 59 (LOrExp)


State 56

   61 LAndExp: EqExp .
   64 EqExp: EqExp . EQ RelExp
   65      | EqExp . NE RelExp

    NE  shift, and go to state 80
    EQ  shift, and go to state 81

    $default  reduce using rule 61 (LAndExp)


State 57

   63 EqExp: RelExp .
   67 RelExp: RelExp . LT AddExp
   68       | RelExp . LE AddExp
   69       | RelExp . GT AddExp
   70       | RelExp . GE AddExp

    GE  shift, and go to state 82
    GT  shift, and go to state 83
    LE  shift, and go to state 84
    LT  shift, and go to state 85

    $default  reduce using rule 63 (EqExp)


State 58

   66 RelExp: AddExp .
   72 AddExp: AddExp . PLUS MulExp
   73       | AddExp . MINUS MulExp

    PLUS   shift, and go to state 86
    MINUS  shift, and go to state 87

    $default  reduce using rule 66 (RelExp)


State 59

   71 AddExp: MulExp .
   75 MulExp: MulExp . MUL UnaryExp
   76       | MulExp . DIV UnaryExp
   77       | MulExp . MOD UnaryExp

    MUL  shift, and go to state 88
    DIV  shift, and go to state 89
    MOD  shift, and go to state 90

    $default  reduce using rule 71 (AddExp)


State 60

   74 MulExp: UnaryExp .

    $default  reduce using rule 74 (MulExp)


State 61

   78 UnaryExp: PrimaryExp .

    $default  reduce using rule 78 (UnaryExp)


State 62

   43 ConstSubscriptList: ConstSubscriptList LBRACK NUMBER . RBRACK

    RBRACK  shift, and go to state 91


State 63

   12 ConstInitVal: LBRACE . ConstInitValList RBRACE

    '+'         shift, and go to state 43
    '-'         shift, and go to state 44
    ID          shift, and go to state 45
    NUMBER      shift, and go to state 46
    CHAR_CONST  shift, and go to state 47
    STRING      shift, and go to state 48
    LP          shift, and go to state 49
    LBRACE      shift, and go to state 63

    ConstInitVal      go to state 92
    ConstInitValList  go to state 93
    LVal              go to state 52
    Exp               go to state 65
    LOrExp            go to state 54
    LAndExp           go to state 55
    EqExp             go to state 56
    RelExp            go to state 57
    AddExp            go to state 58
    MulExp            go to state 59
    UnaryExp          go to state 60
    PrimaryExp        go to state 61


State 64

   10 ConstDef: ID ConstSubscriptList ASSIGN ConstInitVal .

    $default  reduce using rule 10 (ConstDef)


State 65

   11 ConstInitVal: Exp .

    $default  reduce using rule 11 (ConstInitVal)


State 66

   37 Block: LBRACE BlockItem . RBRACE
   39 BlockItem: BlockItem . Item

    ID      shift, and go to state 94
    VOID    shift, and go to state 1
    INT     shift, and go to state 2
    FLOAT   shift, and go to state 3
    IF      shift, and go to state 95
    WHILE   shift, and go to state 96
    RETURN  shift, and go to state 97
    BREAK   shift, and go to state 98
    LBRACE  shift, and go to state 38
    RBRACE  shift, and go to state 99

    VarDecl  go to state 100
    BType    go to state 101
    Block    go to state 102
    Item     go to state 103
    LVal     go to state 104
    Stmt     go to state 105


State 67

   26 FuncDef: BType ID LP FuncFParams RP Block .

    $default  reduce using rule 26 (FuncDef)


State 68

   31 FuncFParams: FuncFParams COMMA FuncFParam .

    $default  reduce using rule 31 (FuncFParams)


State 69

   28 FuncFParam: BType ID LBRACK . RBRACK
   29           | BType ID LBRACK . RBRACK NonEmptyConstSubscriptList

    RBRACK  shift, and go to state 106


State 70

   79 UnaryExp: '+' UnaryExp .

    $default  reduce using rule 79 (UnaryExp)


State 71

   80 UnaryExp: '-' UnaryExp .

    $default  reduce using rule 80 (UnaryExp)


State 72

   82 PrimaryExp: ID LP . RP
   83           | ID LP . FuncRParams RP

    '+'         shift, and go to state 43
    '-'         shift, and go to state 44
    ID          shift, and go to state 45
    NUMBER      shift, and go to state 46
    CHAR_CONST  shift, and go to state 47
    STRING      shift, and go to state 48
    LP          shift, and go to state 49
    RP          shift, and go to state 107

    FuncRParams  go to state 108
    LVal         go to state 52
    Exp          go to state 109
    LOrExp       go to state 54
    LAndExp      go to state 55
    EqExp        go to state 56
    RelExp       go to state 57
    AddExp       go to state 58
    MulExp       go to state 59
    UnaryExp     go to state 60
    PrimaryExp   go to state 61


State 73

   47 SubscriptList: SubscriptList . LBRACK Exp RBRACK
   48 LVal: ID SubscriptList .

    LBRACK  shift, and go to state 110

    $default  reduce using rule 48 (LVal)


State 74

   81 PrimaryExp: LP Exp . RP

    RP  shift, and go to state 111


State 75

   21 InitVal: LBRACE RBRACE .

    $default  reduce using rule 21 (InitVal)


State 76

   23 InitValList: InitVal .

    $default  reduce using rule 23 (InitValList)


State 77

   22 InitVal: LBRACE InitValList . RBRACE
   24 InitValList: InitValList . COMMA InitVal

    RBRACE  shift, and go to state 112
    COMMA   shift, and go to state 113


State 78

   60 LOrExp: LOrExp LOR . LAndExp

    '+'         shift, and go to state 43
    '-'         shift, and go to state 44
    ID          shift, and go to state 45
    NUMBER      shift, and go to state 46
    CHAR_CONST  shift, and go to state 47
    STRING      shift, and go to state 48
    LP          shift, and go to state 49

    LVal        go to state 52
    LAndExp     go to state 114
    EqExp       go to state 56
    RelExp      go to state 57
    AddExp      go to state 58
    MulExp      go to state 59
    UnaryExp    go to state 60
    PrimaryExp  go to state 61


State 79

   62 LAndExp: LAndExp LAND . EqExp

    '+'         shift, and go to state 43
    '-'         shift, and go to state 44
    ID          shift, and go to state 45
    NUMBER      shift, and go to state 46
    CHAR_CONST  shift, and go to state 47
    STRING      shift, and go to state 48
    LP          shift, and go to state 49

    LVal        go to state 52
    EqExp       go to state 115
    RelExp      go to state 57
    AddExp      go to state 58
    MulExp      go to state 59
    UnaryExp    go to state 60
    PrimaryExp  go to state 61


State 80

   65 EqExp: EqExp NE . RelExp

    '+'         shift, and go to state 43
    '-'         shift, and go to state 44
    ID          shift, and go to state 45
    NUMBER      shift, and go to state 46
    CHAR_CONST  shift, and go to state 47
    STRING      shift, and go to state 48
    LP          shift, and go to state 49

    LVal        go to state 52
    RelExp      go to state 116
    AddExp      go to state 58
    MulExp      go to state 59
    UnaryExp    go to state 60
    PrimaryExp  go to state 61


State 81

   64 EqExp: EqExp EQ . RelExp

    '+'         shift, and go to state 43
    '-'         shift, and go to state 44
    ID          shift, and go to state 45
    NUMBER      shift, and go to state 46
    CHAR_CONST  shift, and go to state 47
    STRING      shift, and go to state 48
    LP          shift, and go to state 49

    LVal        go to state 52
    RelExp      go to state 117
    AddExp      go to state 58
    MulExp      go to state 59
    UnaryExp    go to state 60
    PrimaryExp  go to state 61


State 82

   70 RelExp: RelExp GE . AddExp

    '+'         shift, and go to state 43
    '-'         shift, and go to state 44
    ID          shift, and go to state 45
    NUMBER      shift, and go to state 46
    CHAR_CONST  shift, and go to state 47
    STRING      shift, and go to state 48
    LP          shift, and go to state 49

    LVal        go to state 52
    AddExp      go to state 118
    MulExp      go to state 59
    UnaryExp    go to state 60
    PrimaryExp  go to state 61


State 83

   69 RelExp: RelExp GT . AddExp

    '+'         shift, and go to state 43
    '-'         shift, and go to state 44
    ID          shift, and go to state 45
    NUMBER      shift, and go to state 46
    CHAR_CONST  shift, and go to state 47
    STRING      shift, and go to state 48
    LP          shift, and go to state 49

    LVal        go to state 52
    AddExp      go to state 119
    MulExp      go to state 59
    UnaryExp    go to state 60
    PrimaryExp  go to state 61


State 84

   68 RelExp: RelExp LE . AddExp

    '+'         shift, and go to state 43
    '-'         shift, and go to state 44
    ID          shift, and go to state 45
    NUMBER      shift, and go to state 46
    CHAR_CONST  shift, and go to state 47
    STRING      shift, and go to state 48
    LP          shift, and go to state 49

    LVal        go to state 52
    AddExp      go to state 120
    MulExp      go to state 59
    UnaryExp    go to state 60
    PrimaryExp  go to state 61


State 85

   67 RelExp: RelExp LT . AddExp

    '+'         shift, and go to state 43
    '-'         shift, and go to state 44
    ID          shift, and go to state 45
    NUMBER      shift, and go to state 46
    CHAR_CONST  shift, and go to state 47
    STRING      shift, and go to state 48
    LP          shift, and go to state 49

    LVal        go to state 52
    AddExp      go to state 121
    MulExp      go to state 59
    UnaryExp    go to state 60
    PrimaryExp  go to state 61


State 86

   72 AddExp: AddExp PLUS . MulExp

    '+'         shift, and go to state 43
    '-'         shift, and go to state 44
    ID          shift, and go to state 45
    NUMBER      shift, and go to state 46
    CHAR_CONST  shift, and go to state 47
    STRING      shift, and go to state 48
    LP          shift, and go to state 49

    LVal        go to state 52
    MulExp      go to state 122
    UnaryExp    go to state 60
    PrimaryExp  go to state 61


State 87

   73 AddExp: AddExp MINUS . MulExp

    '+'         shift, and go to state 43
    '-'         shift, and go to state 44
    ID          shift, and go to state 45
    NUMBER      shift, and go to state 46
    CHAR_CONST  shift, and go to state 47
    STRING      shift, and go to state 48
    LP          shift, and go to state 49

    LVal        go to state 52
    MulExp      go to state 123
    UnaryExp    go to state 60
    PrimaryExp  go to state 61


State 88

   75 MulExp: MulExp MUL . UnaryExp

    '+'         shift, and go to state 43
    '-'         shift, and go to state 44
    ID          shift, and go to state 45
    NUMBER      shift, and go to state 46
    CHAR_CONST  shift, and go to state 47
    STRING      shift, and go to state 48
    LP          shift, and go to state 49

    LVal        go to state 52
    UnaryExp    go to state 124
    PrimaryExp  go to state 61


State 89

   76 MulExp: MulExp DIV . UnaryExp

    '+'         shift, and go to state 43
    '-'         shift, and go to state 44
    ID          shift, and go to state 45
    NUMBER      shift, and go to state 46
    CHAR_CONST  shift, and go to state 47
    STRING      shift, and go to state 48
    LP          shift, and go to state 49

    LVal        go to state 52
    UnaryExp    go to state 125
    PrimaryExp  go to state 61


State 90

   77 MulExp: MulExp MOD . UnaryExp

    '+'         shift, and go to state 43
    '-'         shift, and go to state 44
    ID          shift, and go to state 45
    NUMBER      shift, and go to state 46
    CHAR_CONST  shift, and go to state 47
    STRING      shift, and go to state 48
    LP          shift, and go to state 49

    LVal        go to state 52
    UnaryExp    go to state 126
    PrimaryExp  go to state 61


State 91

   43 ConstSubscriptList: ConstSubscriptList LBRACK NUMBER RBRACK .

    $default  reduce using rule 43 (ConstSubscriptList)


State 92

   13 ConstInitValList: ConstInitVal .

    $default  reduce using rule 13 (ConstInitValList)


State 93

   12 ConstInitVal: LBRACE ConstInitValList . RBRACE
   14 ConstInitValList: ConstInitValList . COMMA ConstInitVal

    RBRACE  shift, and go to state 127
    COMMA   shift, and go to state 128


State 94

   48 LVal: ID . SubscriptList
   49 Stmt: ID . LP RP SEMI
   50     | ID . LP FuncRParams RP SEMI

    LP  shift, and go to state 129

    $default  reduce using rule 46 (SubscriptList)

    SubscriptList  go to state 73


State 95

   53 Stmt: IF . LP LOrExp RP Stmt
   54     | IF . LP LOrExp RP Stmt ELSE Stmt

    LP  shift, and go to state 130


State 96

   55 Stmt: WHILE . LP LOrExp RP Stmt

    LP  shift, and go to state 131


State 97

   52 Stmt: RETURN . Exp SEMI

    '+'         shift, and go to state 43
    '-'         shift, and go to state 44
    ID          shift, and go to state 45
    NUMBER      shift, and go to state 46
    CHAR_CONST  shift, and go to state 47
    STRING      shift, and go to state 48
    LP          shift, and go to state 49

    LVal        go to state 52
    Exp         go to state 132
    LOrExp      go to state 54
    LAndExp     go to state 55
    EqExp       go to state 56
    RelExp      go to state 57
    AddExp      go to state 58
    MulExp      go to state 59
    UnaryExp    go to state 60
    PrimaryExp  go to state 61


State 98

   57 Stmt: BREAK . SEMI

    SEMI  shift, and go to state 133


State 99

   37 Block: LBRACE BlockItem RBRACE .

    $default  reduce using rule 37 (Block)


State 100

   40 Item: VarDecl .

    $default  reduce using rule 40 (Item)


State 101

   15 VarDecl: BType . VarDefList SEMI

    ID  shift, and go to state 34

    VarDefList  go to state 16
    VarDef      go to state 17


State 102

   56 Stmt: Block .

    $default  reduce using rule 56 (Stmt)


State 103

   39 BlockItem: BlockItem Item .

    $default  reduce using rule 39 (BlockItem)


State 104

   51 Stmt: LVal . ASSIGN Exp SEMI

    ASSIGN  shift, and go to state 134


State 105

   41 Item: Stmt .

    $default  reduce using rule 41 (Item)


State 106

   28 FuncFParam: BType ID LBRACK RBRACK .
   29           | BType ID LBRACK RBRACK . NonEmptyConstSubscriptList

    LBRACK  shift, and go to state 135

    $default  reduce using rule 28 (FuncFParam)

    NonEmptyConstSubscriptList  go to state 136


State 107

   82 PrimaryExp: ID LP RP .

    $default  reduce using rule 82 (PrimaryExp)


State 108

   33 FuncRParams: FuncRParams . COMMA Exp
   83 PrimaryExp: ID LP FuncRParams . RP

    RP     shift, and go to state 137
    COMMA  shift, and go to state 138


State 109

   32 FuncRParams: Exp .

    $default  reduce using rule 32 (FuncRParams)


State 110

   47 SubscriptList: SubscriptList LBRACK . Exp RBRACK

    '+'         shift, and go to state 43
    '-'         shift, and go to state 44
    ID          shift, and go to state 45
    NUMBER      shift, and go to state 46
    CHAR_CONST  shift, and go to state 47
    STRING      shift, and go to state 48
    LP          shift, and go to state 49

    LVal        go to state 52
    Exp         go to state 139
    LOrExp      go to state 54
    LAndExp     go to state 55
    EqExp       go to state 56
    RelExp      go to state 57
    AddExp      go to state 58
    MulExp      go to state 59
    UnaryExp    go to state 60
    PrimaryExp  go to state 61


State 111

   81 PrimaryExp: LP Exp RP .

    $default  reduce using rule 81 (PrimaryExp)


State 112

   22 InitVal: LBRACE InitValList RBRACE .

    $default  reduce using rule 22 (InitVal)


State 113

   24 InitValList: InitValList COMMA . InitVal

    '+'         shift, and go to state 43
    '-'         shift, and go to state 44
    ID          shift, and go to state 45
    NUMBER      shift, and go to state 46
    CHAR_CONST  shift, and go to state 47
    STRING      shift, and go to state 48
    LP          shift, and go to state 49
    LBRACE      shift, and go to state 50

    InitVal     go to state 140
    LVal        go to state 52
    Exp         go to state 53
    LOrExp      go to state 54
    LAndExp     go to state 55
    EqExp       go to state 56
    RelExp      go to state 57
    AddExp      go to state 58
    MulExp      go to state 59
    UnaryExp    go to state 60
    PrimaryExp  go to state 61


State 114

   60 LOrExp: LOrExp LOR LAndExp .
   62 LAndExp: LAndExp . LAND EqExp

    LAND  shift, and go to state 79

    $default  reduce using rule 60 (LOrExp)


State 115

   62 LAndExp: LAndExp LAND EqExp .
   64 EqExp: EqExp . EQ RelExp
   65      | EqExp . NE RelExp

    NE  shift, and go to state 80
    EQ  shift, and go to state 81

    $default  reduce using rule 62 (LAndExp)


State 116

   65 EqExp: EqExp NE RelExp .
   67 RelExp: RelExp . LT AddExp
   68       | RelExp . LE AddExp
   69       | RelExp . GT AddExp
   70       | RelExp . GE AddExp

    GE  shift, and go to state 82
    GT  shift, and go to state 83
    LE  shift, and go to state 84
    LT  shift, and go to state 85

    $default  reduce using rule 65 (EqExp)


State 117

   64 EqExp: EqExp EQ RelExp .
   67 RelExp: RelExp . LT AddExp
   68       | RelExp . LE AddExp
   69       | RelExp . GT AddExp
   70       | RelExp . GE AddExp

    GE  shift, and go to state 82
    GT  shift, and go to state 83
    LE  shift, and go to state 84
    LT  shift, and go to state 85

    $default  reduce using rule 64 (EqExp)


State 118

   70 RelExp: RelExp GE AddExp .
   72 AddExp: AddExp . PLUS MulExp
   73       | AddExp . MINUS MulExp

    PLUS   shift, and go to state 86
    MINUS  shift, and go to state 87

    $default  reduce using rule 70 (RelExp)


State 119

   69 RelExp: RelExp GT AddExp .
   72 AddExp: AddExp . PLUS MulExp
   73       | AddExp . MINUS MulExp

    PLUS   shift, and go to state 86
    MINUS  shift, and go to state 87

    $default  reduce using rule 69 (RelExp)


State 120

   68 RelExp: RelExp LE AddExp .
   72 AddExp: AddExp . PLUS MulExp
   73       | AddExp . MINUS MulExp

    PLUS   shift, and go to state 86
    MINUS  shift, and go to state 87

    $default  reduce using rule 68 (RelExp)


State 121

   67 RelExp: RelExp LT AddExp .
   72 AddExp: AddExp . PLUS MulExp
   73       | AddExp . MINUS MulExp

    PLUS   shift, and go to state 86
    MINUS  shift, and go to state 87

    $default  reduce using rule 67 (RelExp)


State 122

   72 AddExp: AddExp PLUS MulExp .
   75 MulExp: MulExp . MUL UnaryExp
   76       | MulExp . DIV UnaryExp
   77       | MulExp . MOD UnaryExp

    MUL  shift, and go to state 88
    DIV  shift, and go to state 89
    MOD  shift, and go to state 90

    $default  reduce using rule 72 (AddExp)


State 123

   73 AddExp: AddExp MINUS MulExp .
   75 MulExp: MulExp . MUL UnaryExp
   76       | MulExp . DIV UnaryExp
   77       | MulExp . MOD UnaryExp

    MUL  shift, and go to state 88
    DIV  shift, and go to state 89
    MOD  shift, and go to state 90

    $default  reduce using rule 73 (AddExp)


State 124

   75 MulExp: MulExp MUL UnaryExp .

    $default  reduce using rule 75 (MulExp)


State 125

   76 MulExp: MulExp DIV UnaryExp .

    $default  reduce using rule 76 (MulExp)


State 126

   77 MulExp: MulExp MOD UnaryExp .

    $default  reduce using rule 77 (MulExp)


State 127

   12 ConstInitVal: LBRACE ConstInitValList RBRACE .

    $default  reduce using rule 12 (ConstInitVal)


State 128

   14 ConstInitValList: ConstInitValList COMMA . ConstInitVal

    '+'         shift, and go to state 43
    '-'         shift, and go to state 44
    ID          shift, and go to state 45
    NUMBER      shift, and go to state 46
    CHAR_CONST  shift, and go to state 47
    STRING      shift, and go to state 48
    LP          shift, and go to state 49
    LBRACE      shift, and go to state 63

    ConstInitVal  go to state 141
    LVal          go to state 52
    Exp           go to state 65
    LOrExp        go to state 54
    LAndExp       go to state 55
    EqExp         go to state 56
    RelExp        go to state 57
    AddExp        go to state 58
    MulExp        go to state 59
    UnaryExp      go to state 60
    PrimaryExp    go to state 61


State 129

   49 Stmt: ID LP . RP SEMI
   50     | ID LP . FuncRParams RP SEMI

    '+'         shift, and go to state 43
    '-'         shift, and go to state 44
    ID          shift, and go to state 45
    NUMBER      shift, and go to state 46
    CHAR_CONST  shift, and go to state 47
    STRING      shift, and go to state 48
    LP          shift, and go to state 49
    RP          shift, and go to state 142

    FuncRParams  go to state 143
    LVal         go to state 52
    Exp          go to state 109
    LOrExp       go to state 54
    LAndExp      go to state 55
    EqExp        go to state 56
    RelExp       go to state 57
    AddExp       go to state 58
    MulExp       go to state 59
    UnaryExp     go to state 60
    PrimaryExp   go to state 61


State 130

   53 Stmt: IF LP . LOrExp RP Stmt
   54     | IF LP . LOrExp RP Stmt ELSE Stmt

    '+'         shift, and go to state 43
    '-'         shift, and go to state 44
    ID          shift, and go to state 45
    NUMBER      shift, and go to state 46
    CHAR_CONST  shift, and go to state 47
    STRING      shift, and go to state 48
    LP          shift, and go to state 49

    LVal        go to state 52
    LOrExp      go to state 144
    LAndExp     go to state 55
    EqExp       go to state 56
    RelExp      go to state 57
    AddExp      go to state 58
    MulExp      go to state 59
    UnaryExp    go to state 60
    PrimaryExp  go to state 61


State 131

   55 Stmt: WHILE LP . LOrExp RP Stmt

    '+'         shift, and go to state 43
    '-'         shift, and go to state 44
    ID          shift, and go to state 45
    NUMBER      shift, and go to state 46
    CHAR_CONST  shift, and go to state 47
    STRING      shift, and go to state 48
    LP          shift, and go to state 49

    LVal        go to state 52
    LOrExp      go to state 145
    LAndExp     go to state 55
    EqExp       go to state 56
    RelExp      go to state 57
    AddExp      go to state 58
    MulExp      go to state 59
    UnaryExp    go to state 60
    PrimaryExp  go to state 61


State 132

   52 Stmt: RETURN Exp . SEMI

    SEMI  shift, and go to state 146


State 133

   57 Stmt: BREAK SEMI .

    $default  reduce using rule 57 (Stmt)


State 134

   51 Stmt: LVal ASSIGN . Exp SEMI

    '+'         shift, and go to state 43
    '-'         shift, and go to state 44
    ID          shift, and go to state 45
    NUMBER      shift, and go to state 46
    CHAR_CONST  shift, and go to state 47
    STRING      shift, and go to state 48
    LP          shift, and go to state 49

    LVal        go to state 52
    Exp         go to state 147
    LOrExp      go to state 54
    LAndExp     go to state 55
    EqExp       go to state 56
    RelExp      go to state 57
    AddExp      go to state 58
    MulExp      go to state 59
    UnaryExp    go to state 60
    PrimaryExp  go to state 61


State 135

   44 NonEmptyConstSubscriptList: LBRACK . NUMBER RBRACK

    NUMBER  shift, and go to state 148


State 136

   29 FuncFParam: BType ID LBRACK RBRACK NonEmptyConstSubscriptList .
   45 NonEmptyConstSubscriptList: NonEmptyConstSubscriptList . LBRACK NUMBER RBRACK

    LBRACK  shift, and go to state 149

    $default  reduce using rule 29 (FuncFParam)


State 137

   83 PrimaryExp: ID LP FuncRParams RP .

    $default  reduce using rule 83 (PrimaryExp)


State 138

   33 FuncRParams: FuncRParams COMMA . Exp

    '+'         shift, and go to state 43
    '-'         shift, and go to state 44
    ID          shift, and go to state 45
    NUMBER      shift, and go to state 46
    CHAR_CONST  shift, and go to state 47
    STRING      shift, and go to state 48
    LP          shift, and go to state 49

    LVal        go to state 52
    Exp         go to state 150
    LOrExp      go to state 54
    LAndExp     go to state 55
    EqExp       go to state 56
    RelExp      go to state 57
    AddExp      go to state 58
    MulExp      go to state 59
    UnaryExp    go to state 60
    PrimaryExp  go to state 61


State 139

   47 SubscriptList: SubscriptList LBRACK Exp . RBRACK

    RBRACK  shift, and go to state 151


State 140

   24 InitValList: InitValList COMMA InitVal .

    $default  reduce using rule 24 (InitValList)


State 141

   14 ConstInitValList: ConstInitValList COMMA ConstInitVal .

    $default  reduce using rule 14 (ConstInitValList)


State 142

   49 Stmt: ID LP RP . SEMI

    SEMI  shift, and go to state 152


State 143

   33 FuncRParams: FuncRParams . COMMA Exp
   50 Stmt: ID LP FuncRParams . RP SEMI

    RP     shift, and go to state 153
    COMMA  shift, and go to state 138


State 144

   53 Stmt: IF LP LOrExp . RP Stmt
   54     | IF LP LOrExp . RP Stmt ELSE Stmt
   60 LOrExp: LOrExp . LOR LAndExp

    LOR  shift, and go to state 78
    RP   shift, and go to state 154


State 145

   55 Stmt: WHILE LP LOrExp . RP Stmt
   60 LOrExp: LOrExp . LOR LAndExp

    LOR  shift, and go to state 78
    RP   shift, and go to state 155


State 146

   52 Stmt: RETURN Exp SEMI .

    $default  reduce using rule 52 (Stmt)


State 147

   51 Stmt: LVal ASSIGN Exp . SEMI

    SEMI  shift, and go to state 156


State 148

   44 NonEmptyConstSubscriptList: LBRACK NUMBER . RBRACK

    RBRACK  shift, and go to state 157


State 149

   45 NonEmptyConstSubscriptList: NonEmptyConstSubscriptList LBRACK . NUMBER RBRACK

    NUMBER  shift, and go to state 158


State 150

   33 FuncRParams: FuncRParams COMMA Exp .

    $default  reduce using rule 33 (FuncRParams)


State 151

   47 SubscriptList: SubscriptList LBRACK Exp RBRACK .

    $default  reduce using rule 47 (SubscriptList)


State 152

   49 Stmt: ID LP RP SEMI .

    $default  reduce using rule 49 (Stmt)


State 153

   50 Stmt: ID LP FuncRParams RP . SEMI

    SEMI  shift, and go to state 159


State 154

   53 Stmt: IF LP LOrExp RP . Stmt
   54     | IF LP LOrExp RP . Stmt ELSE Stmt

    ID      shift, and go to state 94
    IF      shift, and go to state 95
    WHILE   shift, and go to state 96
    RETURN  shift, and go to state 97
    BREAK   shift, and go to state 98
    LBRACE  shift, and go to state 38

    Block  go to state 102
    LVal   go to state 104
    Stmt   go to state 160


State 155

   55 Stmt: WHILE LP LOrExp RP . Stmt

    ID      shift, and go to state 94
    IF      shift, and go to state 95
    WHILE   shift, and go to state 96
    RETURN  shift, and go to state 97
    BREAK   shift, and go to state 98
    LBRACE  shift, and go to state 38

    Block  go to state 102
    LVal   go to state 104
    Stmt   go to state 161


State 156

   51 Stmt: LVal ASSIGN Exp SEMI .

    $default  reduce using rule 51 (Stmt)


State 157

   44 NonEmptyConstSubscriptList: LBRACK NUMBER RBRACK .

    $default  reduce using rule 44 (NonEmptyConstSubscriptList)


State 158

   45 NonEmptyConstSubscriptList: NonEmptyConstSubscriptList LBRACK NUMBER . RBRACK

    RBRACK  shift, and go to state 162


State 159

   50 Stmt: ID LP FuncRParams RP SEMI .

    $default  reduce using rule 50 (Stmt)


State 160

   53 Stmt: IF LP LOrExp RP Stmt .
   54     | IF LP LOrExp RP Stmt . ELSE Stmt

    ELSE  shift, and go to state 163

    $default  reduce using rule 53 (Stmt)


State 161

   55 Stmt: WHILE LP LOrExp RP Stmt .

    $default  reduce using rule 55 (Stmt)


State 162

   45 NonEmptyConstSubscriptList: NonEmptyConstSubscriptList LBRACK NUMBER RBRACK .

    $default  reduce using rule 45 (NonEmptyConstSubscriptList)


State 163

   54 Stmt: IF LP LOrExp RP Stmt ELSE . Stmt

    ID      shift, and go to state 94
    IF      shift, and go to state 95
    WHILE   shift, and go to state 96
    RETURN  shift, and go to state 97
    BREAK   shift, and go to state 98
    LBRACE  shift, and go to state 38

    Block  go to state 102
    LVal   go to state 104
    Stmt   go to state 164


State 164

   54 Stmt: IF LP LOrExp RP Stmt ELSE Stmt .

    $default  reduce using rule 54 (Stmt)
